<?xml version="1.0" encoding="UTF-8"?>
<!-- Generated by org.testng.reporters.JUnitReportReporter -->
<testsuite hostname="DESKTOP-Q5QT5JQ" failures="0" tests="1" name="Basic.MyntraTest" time="8.565" errors="0" timestamp="2024-01-18T09:51:09 IST" skipped="0">
  <testcase classname="Basic.MyntraTest" name="luanchTest" time="8.565"/>
  <system-out/>
</testsuite> <!-- Basic.MyntraTest -->
