<?xml version="1.0" encoding="UTF-8"?>
<!-- Generated by org.testng.reporters.JUnitReportReporter -->
<testsuite hostname="DESKTOP-Q5QT5JQ" failures="0" tests="1" name="Basic.TiraTest" time="35.520" errors="0" timestamp="2024-01-18T09:55:50 IST" skipped="0">
  <testcase classname="Basic.TiraTest" name="luanchTest" time="35.520"/>
  <system-out/>
</testsuite> <!-- Basic.TiraTest -->
